0x7f2450ecc090 2 3 6 -1 0 0 0 
0x7f2450ecc093 6 -1 26 -1 0 0x7f2450eccea0 1 
0x7f2450eccea0 5 -1 5 -1 0x7ffd16000b40 0 0 
0x7f2450eccea1 2 5 6 -1 0 0 0 
0x7f2450eccea4 5 -1 18 -1 0x7ffd16000b38 0 0 
0x7f2450eccea6 5 -1 17 -1 0x7ffd16000b30 0 0 
0x7f2450eccea8 5 -1 16 -1 0x7ffd16000b28 0 0 
0x7f2450ecceaa 5 -1 15 -1 0x7ffd16000b20 0 0 
0x7f2450ecceac 2 15 3 -1 0 0 0 
0x7f2450ecceaf 5 -1 7 -1 0x7ffd16000b18 0 0 
0x7f2450ecceb0 2 25 6 -1 0 0 0 
0x7f2450ecceb4 2 -1 -1 -1 0 0 0 
0x7f2450ecceb6 2 25 8 -1 0 0 0 
0x7f2450ecceba 2 -1 -1 -1 0 0 0 
0x7f2450eccebc 2 25 8 10 0 0 0 
0x7f2450eccebf 4 10 -1 -1 0x7f24510f2e68 0 0 
0x7f2450eccec6 5 -1 8 -1 0x7f24510f2720 0 0 
0x7f2450eccecd 2 8 -1 -1 0 0 0 
0x7f2450ecced4 2 17 8 -1 0 0 0 
0x7f2450ecced7 4 25 17 -1 0x7f24510f3000 0 0 
0x7f2450eccede 2 25 10 10 0 0 0 
0x7f2450eccee1 5 -1 8 -1 0x7f24510f3a00 0 0 
0x7f2450eccee8 5 -1 17 -1 0x7f24510f39f0 0 0 
0x7f2450ecceef 6 -1 26 25 0 0x7f2450eccf90 0 
0x7f2450eccef5 2 3 -1 -1 0 0 0 
0x7f2450eccefc 2 12 -1 -1 0 0 0 
0x7f2450eccf06 2 9 -1 -1 0 0 0 
0x7f2450eccf10 2 -1 -1 -1 0 0 0 
0x7f2450eccf16 2 -1 -1 -1 0 0 0 
0x7f2450eccf1c 2 -1 -1 -1 0 0 0 
0x7f2450eccf21 2 25 12 3 0 0 0 
0x7f2450eccf24 2 -1 -1 -1 0 0 0 
0x7f2450eccf2a 2 25 3 9 0 0 0 
0x7f2450eccf2d 2 4 -1 -1 0 0 0 
0x7f2450eccf34 6 -1 26 -1 0 0x7f2450eccf5b 1 